<?xml version="1.0" encoding="UTF-8"?>
<coverage generated="1674311764476" clover="3.2.0">
  <project timestamp="1674311764476" name="All files">
    <metrics statements="141" coveredstatements="112" conditionals="80" coveredconditionals="57" methods="9" coveredmethods="8" elements="230" coveredelements="177" complexity="0" loc="141" ncloc="141" packages="1" files="4" classes="4"/>
    <file name="ClassSchedule.ts" path="/Users/evakazakovskaia/Documents/ParimVHK/myapp/ClassSchedule.ts">
      <metrics statements="7" coveredstatements="7" conditionals="2" coveredconditionals="2" methods="1" coveredmethods="1"/>
      <line num="1" count="2" type="stmt"/>
      <line num="2" count="2" type="stmt"/>
      <line num="14" count="2" type="cond" truecount="2" falsecount="0"/>
      <line num="15" count="2" type="stmt"/>
      <line num="16" count="2" type="stmt"/>
      <line num="49" count="2" type="stmt"/>
      <line num="191" count="2" type="stmt"/>
    </file>
    <file name="DayOfWeek].ts" path="/Users/evakazakovskaia/Documents/ParimVHK/myapp/DayOfWeek].ts">
      <metrics statements="28" coveredstatements="12" conditionals="18" coveredconditionals="3" methods="3" coveredmethods="2"/>
      <line num="2" count="2" type="stmt"/>
      <line num="3" count="0" type="cond" truecount="0" falsecount="8"/>
      <line num="4" count="0" type="stmt"/>
      <line num="5" count="0" type="stmt"/>
      <line num="6" count="0" type="stmt"/>
      <line num="7" count="0" type="stmt"/>
      <line num="8" count="0" type="stmt"/>
      <line num="9" count="0" type="stmt"/>
      <line num="10" count="0" type="stmt"/>
      <line num="12" count="0" type="stmt"/>
      <line num="16" count="2" type="stmt"/>
      <line num="17" count="2" type="cond" truecount="1" falsecount="7"/>
      <line num="18" count="2" type="stmt"/>
      <line num="19" count="0" type="stmt"/>
      <line num="20" count="0" type="stmt"/>
      <line num="21" count="0" type="stmt"/>
      <line num="22" count="0" type="stmt"/>
      <line num="23" count="0" type="stmt"/>
      <line num="24" count="0" type="stmt"/>
      <line num="26" count="0" type="stmt"/>
      <line num="30" count="2" type="cond" truecount="2" falsecount="0"/>
      <line num="31" count="2" type="stmt"/>
      <line num="32" count="2" type="stmt"/>
      <line num="33" count="2" type="stmt"/>
      <line num="34" count="2" type="stmt"/>
      <line num="35" count="2" type="stmt"/>
      <line num="36" count="2" type="stmt"/>
      <line num="37" count="2" type="stmt"/>
    </file>
    <file name="LessonType.ts" path="/Users/evakazakovskaia/Documents/ParimVHK/myapp/LessonType.ts">
      <metrics statements="14" coveredstatements="14" conditionals="2" coveredconditionals="2" methods="1" coveredmethods="1"/>
      <line num="1" count="2" type="cond" truecount="2" falsecount="0"/>
      <line num="2" count="2" type="stmt"/>
      <line num="3" count="2" type="stmt"/>
      <line num="4" count="2" type="stmt"/>
      <line num="5" count="2" type="stmt"/>
      <line num="6" count="2" type="stmt"/>
      <line num="7" count="2" type="stmt"/>
      <line num="8" count="2" type="stmt"/>
      <line num="9" count="2" type="stmt"/>
      <line num="10" count="2" type="stmt"/>
      <line num="11" count="2" type="stmt"/>
      <line num="12" count="2" type="stmt"/>
      <line num="13" count="2" type="stmt"/>
      <line num="14" count="2" type="stmt"/>
    </file>
    <file name="mainScreenCalculator.ts" path="/Users/evakazakovskaia/Documents/ParimVHK/myapp/mainScreenCalculator.ts">
      <metrics statements="92" coveredstatements="79" conditionals="58" coveredconditionals="50" methods="4" coveredmethods="4"/>
      <line num="2" count="2" type="stmt"/>
      <line num="4" count="2" type="stmt"/>
      <line num="7" count="18" type="cond" truecount="1" falsecount="0"/>
      <line num="8" count="2" type="stmt"/>
      <line num="13" count="16" type="cond" truecount="1" falsecount="0"/>
      <line num="14" count="2" type="stmt"/>
      <line num="19" count="14" type="stmt"/>
      <line num="20" count="14" type="cond" truecount="1" falsecount="0"/>
      <line num="21" count="2" type="stmt"/>
      <line num="26" count="12" type="stmt"/>
      <line num="28" count="12" type="stmt"/>
      <line num="29" count="12" type="stmt"/>
      <line num="33" count="12" type="stmt"/>
      <line num="34" count="12" type="stmt"/>
      <line num="35" count="12" type="stmt"/>
      <line num="36" count="24" type="stmt"/>
      <line num="37" count="24" type="stmt"/>
      <line num="38" count="24" type="cond" truecount="9" falsecount="0"/>
      <line num="42" count="8" type="stmt"/>
      <line num="43" count="8" type="stmt"/>
      <line num="44" count="8" type="stmt"/>
      <line num="45" count="8" type="stmt"/>
      <line num="50" count="12" type="stmt"/>
      <line num="51" count="12" type="cond" truecount="4" falsecount="0"/>
      <line num="52" count="4" type="stmt"/>
      <line num="53" count="4" type="stmt"/>
      <line num="54" count="4" type="stmt"/>
      <line num="55" count="4" type="stmt"/>
      <line num="57" count="12" type="stmt"/>
      <line num="58" count="12" type="cond" truecount="5" falsecount="0"/>
      <line num="60" count="4" type="stmt"/>
      <line num="63" count="4" type="stmt"/>
      <line num="64" count="4" type="stmt"/>
      <line num="67" count="12" type="cond" truecount="1" falsecount="0"/>
      <line num="69" count="2" type="stmt"/>
      <line num="70" count="2" type="cond" truecount="1" falsecount="1"/>
      <line num="71" count="2" type="stmt"/>
      <line num="72" count="2" type="stmt"/>
      <line num="75" count="0" type="stmt"/>
      <line num="78" count="12" type="cond" truecount="0" falsecount="1"/>
      <line num="79" count="0" type="stmt"/>
      <line num="80" count="0" type="stmt"/>
      <line num="81" count="0" type="cond" truecount="0" falsecount="1"/>
      <line num="82" count="0" type="stmt"/>
      <line num="83" count="0" type="stmt"/>
      <line num="84" count="0" type="stmt"/>
      <line num="88" count="12" type="stmt"/>
      <line num="89" count="12" type="stmt"/>
      <line num="90" count="12" type="stmt"/>
      <line num="91" count="12" type="stmt"/>
      <line num="92" count="12" type="cond" truecount="1" falsecount="1"/>
      <line num="93" count="12" type="stmt"/>
      <line num="95" count="0" type="cond" truecount="0" falsecount="1"/>
      <line num="96" count="0" type="stmt"/>
      <line num="98" count="12" type="stmt"/>
      <line num="99" count="12" type="stmt"/>
      <line num="102" count="12" type="cond" truecount="4" falsecount="0"/>
      <line num="104" count="6" type="stmt"/>
      <line num="105" count="6" type="cond" truecount="1" falsecount="0"/>
      <line num="106" count="6" type="stmt"/>
      <line num="109" count="6" type="cond" truecount="5" falsecount="0"/>
      <line num="111" count="2" type="stmt"/>
      <line num="112" count="2" type="stmt"/>
      <line num="116" count="4" type="stmt"/>
      <line num="117" count="4" type="stmt"/>
      <line num="120" count="12" type="cond" truecount="2" falsecount="2"/>
      <line num="121" count="0" type="stmt"/>
      <line num="122" count="0" type="stmt"/>
      <line num="124" count="12" type="cond" truecount="4" falsecount="0"/>
      <line num="125" count="2" type="stmt"/>
      <line num="126" count="2" type="stmt"/>
      <line num="128" count="10" type="cond" truecount="1" falsecount="1"/>
      <line num="129" count="0" type="stmt"/>
      <line num="130" count="0" type="stmt"/>
      <line num="132" count="10" type="cond" truecount="2" falsecount="0"/>
      <line num="133" count="8" type="stmt"/>
      <line num="134" count="8" type="stmt"/>
      <line num="137" count="2" type="stmt"/>
      <line num="140" count="12" type="stmt"/>
      <line num="153" count="32" type="stmt"/>
      <line num="154" count="32" type="stmt"/>
      <line num="155" count="32" type="cond" truecount="3" falsecount="0"/>
      <line num="156" count="2" type="stmt"/>
      <line num="158" count="32" type="stmt"/>
      <line num="159" count="32" type="stmt"/>
      <line num="160" count="56" type="stmt"/>
      <line num="161" count="56" type="stmt"/>
      <line num="163" count="32" type="stmt"/>
      <line num="167" count="52" type="cond" truecount="2" falsecount="0"/>
      <line num="170" count="2" type="cond" truecount="2" falsecount="0"/>
      <line num="171" count="2" type="stmt"/>
      <line num="172" count="2" type="stmt"/>
    </file>
  </project>
</coverage>
