{"/Users/evakazakovskaia/Documents/ParimVHK/myapp/ClassSchedule.ts": {"path":"/Users/evakazakovskaia/Documents/ParimVHK/myapp/ClassSchedule.ts","statementMap":{"0":{"start":{"line":1,"column":0},"end":{"line":1,"column":40}},"1":{"start":{"line":2,"column":0},"end":{"line":2,"column":39}},"2":{"start":{"line":14,"column":0},"end":{"line":14,"column":null}},"3":{"start":{"line":15,"column":4},"end":{"line":15,"column":null}},"4":{"start":{"line":16,"column":4},"end":{"line":16,"column":20}},"5":{"start":{"line":49,"column":13},"end":{"line":189,"column":null}},"6":{"start":{"line":191,"column":0},"end":{"line":191,"column":45}}},"fnMap":{"0":{"name":"(anonymous_0)","decl":{"start":{"line":14,"column":0},"end":{"line":14,"column":12}},"loc":{"start":{"line":14,"column":20},"end":{"line":17,"column":1}}}},"branchMap":{"0":{"loc":{"start":{"line":14,"column":12},"end":{"line":14,"column":null}},"type":"binary-expr","locations":[{"start":{"line":14,"column":12},"end":{"line":14,"column":20}},{"start":{"line":14,"column":12},"end":{"line":14,"column":null}}]}},"s":{"0":2,"1":2,"2":2,"3":2,"4":2,"5":2,"6":2},"f":{"0":2},"b":{"0":[2,2]}}
,"/Users/evakazakovskaia/Documents/ParimVHK/myapp/DayOfWeek].ts": {"path":"/Users/evakazakovskaia/Documents/ParimVHK/myapp/DayOfWeek].ts","statementMap":{"0":{"start":{"line":3,"column":4},"end":{"line":13,"column":null}},"1":{"start":{"line":4,"column":16},"end":{"line":4,"column":40}},"2":{"start":{"line":5,"column":16},"end":{"line":5,"column":41}},"3":{"start":{"line":6,"column":16},"end":{"line":6,"column":43}},"4":{"start":{"line":7,"column":16},"end":{"line":7,"column":42}},"5":{"start":{"line":8,"column":16},"end":{"line":8,"column":40}},"6":{"start":{"line":9,"column":16},"end":{"line":9,"column":42}},"7":{"start":{"line":10,"column":16},"end":{"line":10,"column":40}},"8":{"start":{"line":12,"column":12},"end":{"line":12,"column":null}},"9":{"start":{"line":2,"column":0},"end":{"line":2,"column":16}},"10":{"start":{"line":17,"column":4},"end":{"line":27,"column":null}},"11":{"start":{"line":18,"column":31},"end":{"line":18,"column":56}},"12":{"start":{"line":19,"column":32},"end":{"line":19,"column":59}},"13":{"start":{"line":20,"column":34},"end":{"line":20,"column":60}},"14":{"start":{"line":21,"column":33},"end":{"line":21,"column":57}},"15":{"start":{"line":22,"column":31},"end":{"line":22,"column":57}},"16":{"start":{"line":23,"column":33},"end":{"line":23,"column":57}},"17":{"start":{"line":24,"column":31},"end":{"line":24,"column":55}},"18":{"start":{"line":26,"column":12},"end":{"line":26,"column":null}},"19":{"start":{"line":16,"column":0},"end":{"line":16,"column":16}},"20":{"start":{"line":30,"column":0},"end":{"line":30,"column":null}},"21":{"start":{"line":31,"column":4},"end":{"line":31,"column":null}},"22":{"start":{"line":32,"column":4},"end":{"line":32,"column":null}},"23":{"start":{"line":33,"column":4},"end":{"line":33,"column":null}},"24":{"start":{"line":34,"column":4},"end":{"line":34,"column":null}},"25":{"start":{"line":35,"column":4},"end":{"line":35,"column":null}},"26":{"start":{"line":36,"column":4},"end":{"line":36,"column":null}},"27":{"start":{"line":37,"column":4},"end":{"line":37,"column":null}}},"fnMap":{"0":{"name":"getDayOfWeek","decl":{"start":{"line":2,"column":16},"end":{"line":2,"column":28}},"loc":{"start":{"line":2,"column":46},"end":{"line":14,"column":1}}},"1":{"name":"getNextDayOfWeek","decl":{"start":{"line":16,"column":16},"end":{"line":16,"column":32}},"loc":{"start":{"line":16,"column":53},"end":{"line":28,"column":1}}},"2":{"name":"(anonymous_2)","decl":{"start":{"line":30,"column":0},"end":{"line":30,"column":12}},"loc":{"start":{"line":30,"column":21},"end":{"line":38,"column":1}}}},"branchMap":{"0":{"loc":{"start":{"line":3,"column":4},"end":{"line":13,"column":null}},"type":"switch","locations":[{"start":{"line":4,"column":8},"end":{"line":4,"column":40}},{"start":{"line":5,"column":8},"end":{"line":5,"column":41}},{"start":{"line":6,"column":8},"end":{"line":6,"column":43}},{"start":{"line":7,"column":8},"end":{"line":7,"column":42}},{"start":{"line":8,"column":8},"end":{"line":8,"column":40}},{"start":{"line":9,"column":8},"end":{"line":9,"column":42}},{"start":{"line":10,"column":8},"end":{"line":10,"column":40}},{"start":{"line":11,"column":8},"end":{"line":12,"column":null}}]},"1":{"loc":{"start":{"line":17,"column":4},"end":{"line":27,"column":null}},"type":"switch","locations":[{"start":{"line":18,"column":8},"end":{"line":18,"column":56}},{"start":{"line":19,"column":8},"end":{"line":19,"column":59}},{"start":{"line":20,"column":8},"end":{"line":20,"column":60}},{"start":{"line":21,"column":8},"end":{"line":21,"column":57}},{"start":{"line":22,"column":8},"end":{"line":22,"column":57}},{"start":{"line":23,"column":8},"end":{"line":23,"column":57}},{"start":{"line":24,"column":8},"end":{"line":24,"column":55}},{"start":{"line":25,"column":8},"end":{"line":26,"column":null}}]},"2":{"loc":{"start":{"line":30,"column":12},"end":{"line":30,"column":null}},"type":"binary-expr","locations":[{"start":{"line":30,"column":12},"end":{"line":30,"column":21}},{"start":{"line":30,"column":12},"end":{"line":30,"column":null}}]}},"s":{"0":0,"1":0,"2":0,"3":0,"4":0,"5":0,"6":0,"7":0,"8":0,"9":2,"10":2,"11":2,"12":0,"13":0,"14":0,"15":0,"16":0,"17":0,"18":0,"19":2,"20":2,"21":2,"22":2,"23":2,"24":2,"25":2,"26":2,"27":2},"f":{"0":0,"1":2,"2":2},"b":{"0":[0,0,0,0,0,0,0,0],"1":[2,0,0,0,0,0,0,0],"2":[2,2]}}
,"/Users/evakazakovskaia/Documents/ParimVHK/myapp/LessonType.ts": {"path":"/Users/evakazakovskaia/Documents/ParimVHK/myapp/LessonType.ts","statementMap":{"0":{"start":{"line":1,"column":0},"end":{"line":1,"column":null}},"1":{"start":{"line":2,"column":4},"end":{"line":2,"column":null}},"2":{"start":{"line":3,"column":4},"end":{"line":3,"column":null}},"3":{"start":{"line":4,"column":4},"end":{"line":4,"column":null}},"4":{"start":{"line":5,"column":4},"end":{"line":5,"column":null}},"5":{"start":{"line":6,"column":4},"end":{"line":6,"column":null}},"6":{"start":{"line":7,"column":4},"end":{"line":7,"column":null}},"7":{"start":{"line":8,"column":4},"end":{"line":8,"column":null}},"8":{"start":{"line":9,"column":4},"end":{"line":9,"column":null}},"9":{"start":{"line":10,"column":4},"end":{"line":10,"column":null}},"10":{"start":{"line":11,"column":4},"end":{"line":11,"column":null}},"11":{"start":{"line":12,"column":4},"end":{"line":12,"column":null}},"12":{"start":{"line":13,"column":4},"end":{"line":13,"column":null}},"13":{"start":{"line":14,"column":4},"end":{"line":14,"column":null}}},"fnMap":{"0":{"name":"(anonymous_0)","decl":{"start":{"line":1,"column":0},"end":{"line":1,"column":12}},"loc":{"start":{"line":1,"column":22},"end":{"line":15,"column":1}}}},"branchMap":{"0":{"loc":{"start":{"line":1,"column":12},"end":{"line":1,"column":null}},"type":"binary-expr","locations":[{"start":{"line":1,"column":12},"end":{"line":1,"column":22}},{"start":{"line":1,"column":12},"end":{"line":1,"column":null}}]}},"s":{"0":2,"1":2,"2":2,"3":2,"4":2,"5":2,"6":2,"7":2,"8":2,"9":2,"10":2,"11":2,"12":2,"13":2},"f":{"0":2},"b":{"0":[2,2]}}
,"/Users/evakazakovskaia/Documents/ParimVHK/myapp/mainScreenCalculator.ts": {"path":"/Users/evakazakovskaia/Documents/ParimVHK/myapp/mainScreenCalculator.ts","statementMap":{"0":{"start":{"line":2,"column":0},"end":{"line":2,"column":57}},"1":{"start":{"line":7,"column":8},"end":{"line":12,"column":null}},"2":{"start":{"line":8,"column":12},"end":{"line":11,"column":null}},"3":{"start":{"line":13,"column":8},"end":{"line":18,"column":null}},"4":{"start":{"line":14,"column":12},"end":{"line":17,"column":null}},"5":{"start":{"line":19,"column":37},"end":{"line":19,"column":56}},"6":{"start":{"line":20,"column":8},"end":{"line":25,"column":null}},"7":{"start":{"line":21,"column":12},"end":{"line":24,"column":null}},"8":{"start":{"line":26,"column":34},"end":{"line":26,"column":54}},"9":{"start":{"line":28,"column":28},"end":{"line":28,"column":30}},"10":{"start":{"line":29,"column":38},"end":{"line":32,"column":14}},"11":{"start":{"line":33,"column":38},"end":{"line":33,"column":39}},"12":{"start":{"line":34,"column":35},"end":{"line":34,"column":61}},"13":{"start":{"line":35,"column":8},"end":{"line":47,"column":null}},"14":{"start":{"line":35,"column":21},"end":{"line":35,"column":22}},"15":{"start":{"line":36,"column":32},"end":{"line":36,"column":65}},"16":{"start":{"line":37,"column":30},"end":{"line":37,"column":61}},"17":{"start":{"line":38,"column":12},"end":{"line":46,"column":null}},"18":{"start":{"line":42,"column":16},"end":{"line":42,"column":60}},"19":{"start":{"line":43,"column":16},"end":{"line":43,"column":66}},"20":{"start":{"line":44,"column":16},"end":{"line":44,"column":67}},"21":{"start":{"line":45,"column":16},"end":{"line":45,"column":22}},"22":{"start":{"line":50,"column":32},"end":{"line":50,"column":37}},"23":{"start":{"line":51,"column":8},"end":{"line":65,"column":null}},"24":{"start":{"line":52,"column":12},"end":{"line":52,"column":72}},"25":{"start":{"line":53,"column":12},"end":{"line":53,"column":48}},"26":{"start":{"line":54,"column":37},"end":{"line":54,"column":63}},"27":{"start":{"line":55,"column":12},"end":{"line":62,"column":null}},"28":{"start":{"line":55,"column":25},"end":{"line":55,"column":26}},"29":{"start":{"line":57,"column":36},"end":{"line":57,"column":69}},"30":{"start":{"line":58,"column":16},"end":{"line":61,"column":null}},"31":{"start":{"line":60,"column":20},"end":{"line":60,"column":70}},"32":{"start":{"line":63,"column":12},"end":{"line":63,"column":49}},"33":{"start":{"line":64,"column":12},"end":{"line":64,"column":28}},"34":{"start":{"line":67,"column":8},"end":{"line":77,"column":null}},"35":{"start":{"line":69,"column":34},"end":{"line":69,"column":71}},"36":{"start":{"line":70,"column":12},"end":{"line":76,"column":null}},"37":{"start":{"line":71,"column":16},"end":{"line":71,"column":46}},"38":{"start":{"line":72,"column":16},"end":{"line":72,"column":36}},"39":{"start":{"line":75,"column":16},"end":{"line":75,"column":66}},"40":{"start":{"line":78,"column":8},"end":{"line":87,"column":null}},"41":{"start":{"line":79,"column":12},"end":{"line":86,"column":null}},"42":{"start":{"line":80,"column":16},"end":{"line":80,"column":72}},"43":{"start":{"line":81,"column":16},"end":{"line":85,"column":null}},"44":{"start":{"line":82,"column":20},"end":{"line":82,"column":50}},"45":{"start":{"line":83,"column":20},"end":{"line":83,"column":40}},"46":{"start":{"line":84,"column":20},"end":{"line":84,"column":26}},"47":{"start":{"line":88,"column":27},"end":{"line":88,"column":63}},"48":{"start":{"line":89,"column":32},"end":{"line":89,"column":47}},"49":{"start":{"line":90,"column":45},"end":{"line":90,"column":89}},"50":{"start":{"line":91,"column":29},"end":{"line":91,"column":31}},"51":{"start":{"line":92,"column":8},"end":{"line":97,"column":null}},"52":{"start":{"line":93,"column":12},"end":{"line":93,"column":51}},"53":{"start":{"line":95,"column":13},"end":{"line":97,"column":null}},"54":{"start":{"line":96,"column":12},"end":{"line":96,"column":62}},"55":{"start":{"line":98,"column":22},"end":{"line":98,"column":39}},"56":{"start":{"line":99,"column":37},"end":{"line":99,"column":82}},"57":{"start":{"line":102,"column":8},"end":{"line":118,"column":null}},"58":{"start":{"line":104,"column":12},"end":{"line":104,"column":130}},"59":{"start":{"line":105,"column":12},"end":{"line":107,"column":null}},"60":{"start":{"line":106,"column":16},"end":{"line":106,"column":45}},"61":{"start":{"line":109,"column":13},"end":{"line":118,"column":null}},"62":{"start":{"line":111,"column":12},"end":{"line":111,"column":44}},"63":{"start":{"line":112,"column":12},"end":{"line":112,"column":41}},"64":{"start":{"line":116,"column":12},"end":{"line":116,"column":43}},"65":{"start":{"line":117,"column":12},"end":{"line":117,"column":37}},"66":{"start":{"line":120,"column":8},"end":{"line":138,"column":null}},"67":{"start":{"line":121,"column":12},"end":{"line":121,"column":80}},"68":{"start":{"line":122,"column":12},"end":{"line":122,"column":58}},"69":{"start":{"line":124,"column":13},"end":{"line":138,"column":null}},"70":{"start":{"line":125,"column":12},"end":{"line":125,"column":null}},"71":{"start":{"line":126,"column":12},"end":{"line":126,"column":45}},"72":{"start":{"line":128,"column":13},"end":{"line":138,"column":null}},"73":{"start":{"line":129,"column":12},"end":{"line":129,"column":44}},"74":{"start":{"line":130,"column":12},"end":{"line":130,"column":38}},"75":{"start":{"line":132,"column":13},"end":{"line":138,"column":null}},"76":{"start":{"line":133,"column":12},"end":{"line":133,"column":63}},"77":{"start":{"line":134,"column":12},"end":{"line":134,"column":146}},"78":{"start":{"line":137,"column":12},"end":{"line":137,"column":null}},"79":{"start":{"line":140,"column":8},"end":{"line":146,"column":10}},"80":{"start":{"line":4,"column":0},"end":{"line":4,"column":13}},"81":{"start":{"line":153,"column":19},"end":{"line":153,"column":50}},"82":{"start":{"line":154,"column":4},"end":{"line":154,"column":89}},"83":{"start":{"line":155,"column":4},"end":{"line":157,"column":null}},"84":{"start":{"line":156,"column":8},"end":{"line":156,"column":117}},"85":{"start":{"line":158,"column":4},"end":{"line":158,"column":20}},"86":{"start":{"line":159,"column":4},"end":{"line":162,"column":null}},"87":{"start":{"line":160,"column":8},"end":{"line":160,"column":22}},"88":{"start":{"line":161,"column":8},"end":{"line":161,"column":25}},"89":{"start":{"line":163,"column":4},"end":{"line":163,"column":18}},"90":{"start":{"line":167,"column":4},"end":{"line":167,"column":49}},"91":{"start":{"line":170,"column":0},"end":{"line":170,"column":null}},"92":{"start":{"line":171,"column":4},"end":{"line":171,"column":null}},"93":{"start":{"line":172,"column":4},"end":{"line":172,"column":null}}},"fnMap":{"0":{"name":"(anonymous_0)","decl":{"start":{"line":6,"column":11},"end":{"line":6,"column":24}},"loc":{"start":{"line":6,"column":102},"end":{"line":147,"column":5}}},"1":{"name":"getTimeUntilSth","decl":{"start":{"line":152,"column":9},"end":{"line":152,"column":24}},"loc":{"start":{"line":152,"column":89},"end":{"line":164,"column":1}}},"2":{"name":"formatNumberAsTwoDigit","decl":{"start":{"line":166,"column":9},"end":{"line":166,"column":31}},"loc":{"start":{"line":166,"column":43},"end":{"line":168,"column":1}}},"3":{"name":"(anonymous_3)","decl":{"start":{"line":170,"column":0},"end":{"line":170,"column":12}},"loc":{"start":{"line":170,"column":26},"end":{"line":173,"column":1}}}},"branchMap":{"0":{"loc":{"start":{"line":7,"column":8},"end":{"line":12,"column":null}},"type":"if","locations":[{"start":{"line":7,"column":8},"end":{"line":12,"column":null}}]},"1":{"loc":{"start":{"line":13,"column":8},"end":{"line":18,"column":null}},"type":"if","locations":[{"start":{"line":13,"column":8},"end":{"line":18,"column":null}}]},"2":{"loc":{"start":{"line":20,"column":8},"end":{"line":25,"column":null}},"type":"if","locations":[{"start":{"line":20,"column":8},"end":{"line":25,"column":null}}]},"3":{"loc":{"start":{"line":38,"column":12},"end":{"line":46,"column":null}},"type":"if","locations":[{"start":{"line":38,"column":12},"end":{"line":46,"column":null}}]},"4":{"loc":{"start":{"line":38,"column":16},"end":{"line":41,"column":127}},"type":"binary-expr","locations":[{"start":{"line":38,"column":17},"end":{"line":38,"column":45}},{"start":{"line":39,"column":23},"end":{"line":39,"column":71}},{"start":{"line":40,"column":17},"end":{"line":40,"column":46}},{"start":{"line":40,"column":50},"end":{"line":40,"column":77}},{"start":{"line":40,"column":81},"end":{"line":40,"column":107}},{"start":{"line":41,"column":17},"end":{"line":41,"column":45}},{"start":{"line":41,"column":49},"end":{"line":41,"column":76}},{"start":{"line":41,"column":80},"end":{"line":41,"column":126}}]},"5":{"loc":{"start":{"line":51,"column":8},"end":{"line":65,"column":null}},"type":"if","locations":[{"start":{"line":51,"column":8},"end":{"line":65,"column":null}}]},"6":{"loc":{"start":{"line":51,"column":12},"end":{"line":51,"column":125}},"type":"binary-expr","locations":[{"start":{"line":51,"column":13},"end":{"line":51,"column":34}},{"start":{"line":51,"column":38},"end":{"line":51,"column":57}},{"start":{"line":51,"column":63},"end":{"line":51,"column":124}}]},"7":{"loc":{"start":{"line":58,"column":16},"end":{"line":61,"column":null}},"type":"if","locations":[{"start":{"line":58,"column":16},"end":{"line":61,"column":null}}]},"8":{"loc":{"start":{"line":58,"column":20},"end":{"line":59,"column":71}},"type":"binary-expr","locations":[{"start":{"line":58,"column":22},"end":{"line":58,"column":50}},{"start":{"line":58,"column":56},"end":{"line":58,"column":85}},{"start":{"line":58,"column":89},"end":{"line":58,"column":115}},{"start":{"line":59,"column":21},"end":{"line":59,"column":70}}]},"9":{"loc":{"start":{"line":67,"column":8},"end":{"line":77,"column":null}},"type":"if","locations":[{"start":{"line":67,"column":8},"end":{"line":77,"column":null}}]},"10":{"loc":{"start":{"line":70,"column":12},"end":{"line":76,"column":null}},"type":"if","locations":[{"start":{"line":70,"column":12},"end":{"line":76,"column":null}},{"start":{"line":74,"column":17},"end":{"line":76,"column":null}}]},"11":{"loc":{"start":{"line":78,"column":8},"end":{"line":87,"column":null}},"type":"if","locations":[{"start":{"line":78,"column":8},"end":{"line":87,"column":null}}]},"12":{"loc":{"start":{"line":81,"column":16},"end":{"line":85,"column":null}},"type":"if","locations":[{"start":{"line":81,"column":16},"end":{"line":85,"column":null}}]},"13":{"loc":{"start":{"line":92,"column":8},"end":{"line":97,"column":null}},"type":"if","locations":[{"start":{"line":92,"column":8},"end":{"line":97,"column":null}},{"start":{"line":95,"column":13},"end":{"line":97,"column":null}}]},"14":{"loc":{"start":{"line":95,"column":13},"end":{"line":97,"column":null}},"type":"if","locations":[{"start":{"line":95,"column":13},"end":{"line":97,"column":null}}]},"15":{"loc":{"start":{"line":102,"column":8},"end":{"line":118,"column":null}},"type":"if","locations":[{"start":{"line":102,"column":8},"end":{"line":118,"column":null}},{"start":{"line":109,"column":13},"end":{"line":118,"column":null}}]},"16":{"loc":{"start":{"line":102,"column":12},"end":{"line":102,"column":55}},"type":"binary-expr","locations":[{"start":{"line":102,"column":12},"end":{"line":102,"column":31}},{"start":{"line":102,"column":35},"end":{"line":102,"column":55}}]},"17":{"loc":{"start":{"line":105,"column":12},"end":{"line":107,"column":null}},"type":"if","locations":[{"start":{"line":105,"column":12},"end":{"line":107,"column":null}}]},"18":{"loc":{"start":{"line":109,"column":13},"end":{"line":118,"column":null}},"type":"if","locations":[{"start":{"line":109,"column":13},"end":{"line":118,"column":null}},{"start":{"line":115,"column":8},"end":{"line":118,"column":null}}]},"19":{"loc":{"start":{"line":109,"column":17},"end":{"line":109,"column":88}},"type":"binary-expr","locations":[{"start":{"line":109,"column":17},"end":{"line":109,"column":38}},{"start":{"line":109,"column":43},"end":{"line":109,"column":62}},{"start":{"line":109,"column":66},"end":{"line":109,"column":87}}]},"20":{"loc":{"start":{"line":120,"column":8},"end":{"line":138,"column":null}},"type":"if","locations":[{"start":{"line":120,"column":8},"end":{"line":138,"column":null}},{"start":{"line":124,"column":13},"end":{"line":138,"column":null}}]},"21":{"loc":{"start":{"line":120,"column":12},"end":{"line":120,"column":67}},"type":"binary-expr","locations":[{"start":{"line":120,"column":12},"end":{"line":120,"column":33}},{"start":{"line":120,"column":37},"end":{"line":120,"column":67}}]},"22":{"loc":{"start":{"line":124,"column":13},"end":{"line":138,"column":null}},"type":"if","locations":[{"start":{"line":124,"column":13},"end":{"line":138,"column":null}},{"start":{"line":128,"column":13},"end":{"line":138,"column":null}}]},"23":{"loc":{"start":{"line":124,"column":17},"end":{"line":124,"column":61}},"type":"binary-expr","locations":[{"start":{"line":124,"column":17},"end":{"line":124,"column":49}},{"start":{"line":124,"column":53},"end":{"line":124,"column":61}}]},"24":{"loc":{"start":{"line":128,"column":13},"end":{"line":138,"column":null}},"type":"if","locations":[{"start":{"line":128,"column":13},"end":{"line":138,"column":null}},{"start":{"line":132,"column":13},"end":{"line":138,"column":null}}]},"25":{"loc":{"start":{"line":132,"column":13},"end":{"line":138,"column":null}},"type":"if","locations":[{"start":{"line":132,"column":13},"end":{"line":138,"column":null}},{"start":{"line":136,"column":13},"end":{"line":138,"column":null}}]},"26":{"loc":{"start":{"line":155,"column":4},"end":{"line":157,"column":null}},"type":"if","locations":[{"start":{"line":155,"column":4},"end":{"line":157,"column":null}}]},"27":{"loc":{"start":{"line":155,"column":8},"end":{"line":155,"column":34}},"type":"binary-expr","locations":[{"start":{"line":155,"column":8},"end":{"line":155,"column":22}},{"start":{"line":155,"column":26},"end":{"line":155,"column":34}}]},"28":{"loc":{"start":{"line":167,"column":11},"end":{"line":167,"column":48}},"type":"cond-expr","locations":[{"start":{"line":167,"column":25},"end":{"line":167,"column":36}},{"start":{"line":167,"column":39},"end":{"line":167,"column":48}}]},"29":{"loc":{"start":{"line":170,"column":12},"end":{"line":170,"column":null}},"type":"binary-expr","locations":[{"start":{"line":170,"column":12},"end":{"line":170,"column":26}},{"start":{"line":170,"column":12},"end":{"line":170,"column":null}}]}},"s":{"0":2,"1":18,"2":2,"3":16,"4":2,"5":14,"6":14,"7":2,"8":12,"9":12,"10":12,"11":12,"12":12,"13":12,"14":12,"15":24,"16":24,"17":24,"18":8,"19":8,"20":8,"21":8,"22":12,"23":12,"24":4,"25":4,"26":4,"27":4,"28":4,"29":12,"30":12,"31":4,"32":4,"33":4,"34":12,"35":2,"36":2,"37":2,"38":2,"39":0,"40":12,"41":0,"42":0,"43":0,"44":0,"45":0,"46":0,"47":12,"48":12,"49":12,"50":12,"51":12,"52":12,"53":0,"54":0,"55":12,"56":12,"57":12,"58":6,"59":6,"60":6,"61":6,"62":2,"63":2,"64":4,"65":4,"66":12,"67":0,"68":0,"69":12,"70":2,"71":2,"72":10,"73":0,"74":0,"75":10,"76":8,"77":8,"78":2,"79":12,"80":2,"81":32,"82":32,"83":32,"84":2,"85":32,"86":32,"87":56,"88":56,"89":32,"90":52,"91":2,"92":2,"93":2},"f":{"0":18,"1":32,"2":52,"3":2},"b":{"0":[2],"1":[2],"2":[2],"3":[8],"4":[24,16,24,8,4,20,16,10],"5":[4],"6":[12,12,4],"7":[4],"8":[12,12,4,4],"9":[2],"10":[2,0],"11":[0],"12":[0],"13":[12,0],"14":[0],"15":[6,6],"16":[12,6],"17":[6],"18":[2,4],"19":[6,6,6],"20":[0,12],"21":[12,0],"22":[2,10],"23":[12,2],"24":[0,10],"25":[8,2],"26":[2],"27":[32,8],"28":[22,30],"29":[2,2]}}
}
