TN:
SF:ClassSchedule.ts
FN:14,(anonymous_0)
FNF:1
FNH:1
FNDA:2,(anonymous_0)
DA:1,2
DA:2,2
DA:14,2
DA:15,2
DA:16,2
DA:49,2
DA:191,2
LF:7
LH:7
BRDA:14,0,0,2
BRDA:14,0,1,2
BRF:2
BRH:2
end_of_record
TN:
SF:DayOfWeek].ts
FN:2,getDayOfWeek
FN:16,getNextDayOfWeek
FN:30,(anonymous_2)
FNF:3
FNH:2
FNDA:0,getDayOfWeek
FNDA:2,getNextDayOfWeek
FNDA:2,(anonymous_2)
DA:2,2
DA:3,0
DA:4,0
DA:5,0
DA:6,0
DA:7,0
DA:8,0
DA:9,0
DA:10,0
DA:12,0
DA:16,2
DA:17,2
DA:18,2
DA:19,0
DA:20,0
DA:21,0
DA:22,0
DA:23,0
DA:24,0
DA:26,0
DA:30,2
DA:31,2
DA:32,2
DA:33,2
DA:34,2
DA:35,2
DA:36,2
DA:37,2
LF:28
LH:12
BRDA:3,0,0,0
BRDA:3,0,1,0
BRDA:3,0,2,0
BRDA:3,0,3,0
BRDA:3,0,4,0
BRDA:3,0,5,0
BRDA:3,0,6,0
BRDA:3,0,7,0
BRDA:17,1,0,2
BRDA:17,1,1,0
BRDA:17,1,2,0
BRDA:17,1,3,0
BRDA:17,1,4,0
BRDA:17,1,5,0
BRDA:17,1,6,0
BRDA:17,1,7,0
BRDA:30,2,0,2
BRDA:30,2,1,2
BRF:18
BRH:3
end_of_record
TN:
SF:LessonType.ts
FN:1,(anonymous_0)
FNF:1
FNH:1
FNDA:2,(anonymous_0)
DA:1,2
DA:2,2
DA:3,2
DA:4,2
DA:5,2
DA:6,2
DA:7,2
DA:8,2
DA:9,2
DA:10,2
DA:11,2
DA:12,2
DA:13,2
DA:14,2
LF:14
LH:14
BRDA:1,0,0,2
BRDA:1,0,1,2
BRF:2
BRH:2
end_of_record
TN:
SF:mainScreenCalculator.ts
FN:6,(anonymous_0)
FN:152,getTimeUntilSth
FN:166,formatNumberAsTwoDigit
FN:170,(anonymous_3)
FNF:4
FNH:4
FNDA:18,(anonymous_0)
FNDA:32,getTimeUntilSth
FNDA:52,formatNumberAsTwoDigit
FNDA:2,(anonymous_3)
DA:2,2
DA:4,2
DA:7,18
DA:8,2
DA:13,16
DA:14,2
DA:19,14
DA:20,14
DA:21,2
DA:26,12
DA:28,12
DA:29,12
DA:33,12
DA:34,12
DA:35,12
DA:36,24
DA:37,24
DA:38,24
DA:42,8
DA:43,8
DA:44,8
DA:45,8
DA:50,12
DA:51,12
DA:52,4
DA:53,4
DA:54,4
DA:55,4
DA:57,12
DA:58,12
DA:60,4
DA:63,4
DA:64,4
DA:67,12
DA:69,2
DA:70,2
DA:71,2
DA:72,2
DA:75,0
DA:78,12
DA:79,0
DA:80,0
DA:81,0
DA:82,0
DA:83,0
DA:84,0
DA:88,12
DA:89,12
DA:90,12
DA:91,12
DA:92,12
DA:93,12
DA:95,0
DA:96,0
DA:98,12
DA:99,12
DA:102,12
DA:104,6
DA:105,6
DA:106,6
DA:109,6
DA:111,2
DA:112,2
DA:116,4
DA:117,4
DA:120,12
DA:121,0
DA:122,0
DA:124,12
DA:125,2
DA:126,2
DA:128,10
DA:129,0
DA:130,0
DA:132,10
DA:133,8
DA:134,8
DA:137,2
DA:140,12
DA:153,32
DA:154,32
DA:155,32
DA:156,2
DA:158,32
DA:159,32
DA:160,56
DA:161,56
DA:163,32
DA:167,52
DA:170,2
DA:171,2
DA:172,2
LF:92
LH:79
BRDA:7,0,0,2
BRDA:13,1,0,2
BRDA:20,2,0,2
BRDA:38,3,0,8
BRDA:38,4,0,24
BRDA:38,4,1,16
BRDA:38,4,2,24
BRDA:38,4,3,8
BRDA:38,4,4,4
BRDA:38,4,5,20
BRDA:38,4,6,16
BRDA:38,4,7,10
BRDA:51,5,0,4
BRDA:51,6,0,12
BRDA:51,6,1,12
BRDA:51,6,2,4
BRDA:58,7,0,4
BRDA:58,8,0,12
BRDA:58,8,1,12
BRDA:58,8,2,4
BRDA:58,8,3,4
BRDA:67,9,0,2
BRDA:70,10,0,2
BRDA:70,10,1,0
BRDA:78,11,0,0
BRDA:81,12,0,0
BRDA:92,13,0,12
BRDA:92,13,1,0
BRDA:95,14,0,0
BRDA:102,15,0,6
BRDA:102,15,1,6
BRDA:102,16,0,12
BRDA:102,16,1,6
BRDA:105,17,0,6
BRDA:109,18,0,2
BRDA:109,18,1,4
BRDA:109,19,0,6
BRDA:109,19,1,6
BRDA:109,19,2,6
BRDA:120,20,0,0
BRDA:120,20,1,12
BRDA:120,21,0,12
BRDA:120,21,1,0
BRDA:124,22,0,2
BRDA:124,22,1,10
BRDA:124,23,0,12
BRDA:124,23,1,2
BRDA:128,24,0,0
BRDA:128,24,1,10
BRDA:132,25,0,8
BRDA:132,25,1,2
BRDA:155,26,0,2
BRDA:155,27,0,32
BRDA:155,27,1,8
BRDA:167,28,0,22
BRDA:167,28,1,30
BRDA:170,29,0,2
BRDA:170,29,1,2
BRF:58
BRH:50
end_of_record
